[0324/125520.053:INFO:CONSOLE(185)] "Event handler of 'x-storagemutated-1' event must be added on the initial evaluation of worker script.", source: https://static.whatsapp.net/rsrc.php/v4/yZ/r/bL0nwJ1s9tz.js (185)
[0324/125520.190:INFO:CONSOLE(0)] "Error with Permissions-Policy header: Feature xr-spatial-tracking's parameters are ignored.", source:  (0)
[0324/125520.190:INFO:CONSOLE(0)] "Error with Permissions-Policy header: Origin trial controlled feature not enabled: 'attribution-reporting'.", source:  (0)
[0324/125520.190:INFO:CONSOLE(0)] "Error with Permissions-Policy header: Unrecognized feature: 'bluetooth'.", source:  (0)
[0324/125520.190:INFO:CONSOLE(0)] "Error with Permissions-Policy header: Unrecognized feature: 'ch-save-data'.", source:  (0)
[0324/125520.191:INFO:CONSOLE(0)] "Error with Permissions-Policy header: Origin trial controlled feature not enabled: 'ch-viewport-height'.", source:  (0)
[0324/125520.191:INFO:CONSOLE(0)] "Error with Permissions-Policy header: Unrecognized feature: 'compute-pressure'.", source:  (0)
[0324/125520.191:INFO:CONSOLE(0)] "Error with Permissions-Policy header: Unrecognized feature: 'gamepad'.", source:  (0)
[0324/125520.191:INFO:CONSOLE(0)] "Error with Permissions-Policy header: Unrecognized feature: 'interest-cohort'.", source:  (0)
[0324/125520.191:INFO:CONSOLE(0)] "Error with Permissions-Policy header: Unrecognized feature: 'local-fonts'.", source:  (0)
[0324/125520.191:INFO:CONSOLE(0)] "Error with Permissions-Policy header: Unrecognized feature: 'private-state-token-issuance'.", source:  (0)
[0324/125520.191:INFO:CONSOLE(0)] "Error with Permissions-Policy header: Unrecognized feature: 'shared-storage'.", source:  (0)
[0324/125520.191:INFO:CONSOLE(0)] "Error with Permissions-Policy header: Unrecognized feature: 'shared-storage-select-url'.", source:  (0)
[0324/125520.191:INFO:CONSOLE(0)] "Error with Permissions-Policy header: Unrecognized feature: 'private-state-token-redemption'.", source:  (0)
[0324/125520.191:INFO:CONSOLE(0)] "Error with Permissions-Policy header: Unrecognized feature: 'unload'.", source:  (0)
[0324/125520.191:INFO:CONSOLE(0)] "Error with Permissions-Policy header: Unrecognized feature: 'window-management'.", source:  (0)
[0324/125520.192:INFO:CONSOLE(0)] "Document-Policy HTTP header: Unrecognized document policy feature name include-js-call-stacks-in-crash-reports.", source: https://web.whatsapp.com/ (0)
[0324/125521.094:INFO:CONSOLE(79)] "ErrorUtils caught an error:

[storage] storage bucket persistence denied (aquire-persistent-storage-denied)

Subsequent non-fatal errors won't be logged; see https://fburl.com/debugjs. [object Object]", source: https://static.whatsapp.net/rsrc.php/v4/yK/r/B0CrVSDC1vR.js (79)
[0324/125522.734:INFO:CONSOLE(0)] "[.WebGL-0000727606082200]GL Driver Message (OpenGL, Performance, GL_CLOSE_PATH_NV, High): GPU stall due to ReadPixels", source: https://web.whatsapp.com/ (0)
[0324/125528.829:INFO:CONSOLE(0)] "[.WebGL-0000727606082900]GL Driver Message (OpenGL, Performance, GL_CLOSE_PATH_NV, High): GPU stall due to ReadPixels", source: https://web.whatsapp.com/ (0)
